2013/04/19 11:21:17 [error] [exception.CDbException] SQLSTATE[HY000] [1045] Access denied for user 'aksyanov'@'localhost' (using password: YES)
2013/04/19 11:21:17 [error] [exception.CDbException] exception 'CDbException' with message 'CDbConnection failed to open the DB connection.' in X:\home\localhost\www\sim-life\framework\db\CDbConnection.php:387
Stack trace:
#0 X:\home\localhost\www\sim-life\framework\db\CDbConnection.php(330): CDbConnection->open()
#1 X:\home\localhost\www\sim-life\framework\db\CDbConnection.php(308): CDbConnection->setActive(true)
#2 X:\home\localhost\www\sim-life\framework\base\CModule.php(387): CDbConnection->init()
#3 X:\home\localhost\www\sim-life\framework\base\CModule.php(103): CModule->getComponent('db')
#4 X:\home\localhost\www\sim-life\protected\components\UserIdentity.php(19): CModule->__get('db')
#5 X:\home\localhost\www\sim-life\protected\controllers\SiteController.php(52): UserIdentity->authenticate()
#6 X:\home\localhost\www\sim-life\framework\web\actions\CInlineAction.php(49): SiteController->actionLogin()
#7 X:\home\localhost\www\sim-life\framework\web\CController.php(308): CInlineAction->runWithParams(Array)
#8 X:\home\localhost\www\sim-life\framework\web\filters\CFilterChain.php(133): CController->runAction(Object(CInlineAction))
#9 X:\home\localhost\www\sim-life\framework\web\filters\CFilter.php(40): CFilterChain->run()
#10 X:\home\localhost\www\sim-life\framework\web\CController.php(1145): CFilter->filter(Object(CFilterChain))
#11 X:\home\localhost\www\sim-life\framework\web\filters\CInlineFilter.php(58): CController->filterAccessControl(Object(CFilterChain))
#12 X:\home\localhost\www\sim-life\framework\web\filters\CFilterChain.php(130): CInlineFilter->filter(Object(CFilterChain))
#13 X:\home\localhost\www\sim-life\framework\web\CController.php(291): CFilterChain->run()
#14 X:\home\localhost\www\sim-life\framework\web\CController.php(265): CController->runActionWithFilters(Object(CInlineAction), Array)
#15 X:\home\localhost\www\sim-life\framework\web\CWebApplication.php(282): CController->run('login')
#16 X:\home\localhost\www\sim-life\framework\web\CWebApplication.php(141): CWebApplication->runController('site/login')
#17 X:\home\localhost\www\sim-life\framework\base\CApplication.php(169): CWebApplication->processRequest()
#18 X:\home\localhost\www\sim-life\index.php(9): CApplication->run()
#19 {main}
REQUEST_URI=/sim-life/index.php/site/login
HTTP_REFERER=http://localhost/sim-life/index.php/site/login
---
2013/04/19 11:25:31 [error] [exception.CDbException] SQLSTATE[HY000] [1045] Access denied for user 'aksyanov'@'localhost' (using password: YES)
2013/04/19 11:25:31 [error] [exception.CDbException] exception 'CDbException' with message 'CDbConnection failed to open the DB connection.' in X:\home\localhost\www\sim-life\framework\db\CDbConnection.php:387
Stack trace:
#0 X:\home\localhost\www\sim-life\framework\db\CDbConnection.php(330): CDbConnection->open()
#1 X:\home\localhost\www\sim-life\framework\db\CDbConnection.php(308): CDbConnection->setActive(true)
#2 X:\home\localhost\www\sim-life\framework\base\CModule.php(387): CDbConnection->init()
#3 X:\home\localhost\www\sim-life\framework\base\CModule.php(103): CModule->getComponent('db')
#4 X:\home\localhost\www\sim-life\protected\components\UserIdentity.php(19): CModule->__get('db')
#5 X:\home\localhost\www\sim-life\protected\controllers\SiteController.php(52): UserIdentity->authenticate()
#6 X:\home\localhost\www\sim-life\framework\web\actions\CInlineAction.php(49): SiteController->actionLogin()
#7 X:\home\localhost\www\sim-life\framework\web\CController.php(308): CInlineAction->runWithParams(Array)
#8 X:\home\localhost\www\sim-life\framework\web\filters\CFilterChain.php(133): CController->runAction(Object(CInlineAction))
#9 X:\home\localhost\www\sim-life\framework\web\filters\CFilter.php(40): CFilterChain->run()
#10 X:\home\localhost\www\sim-life\framework\web\CController.php(1145): CFilter->filter(Object(CFilterChain))
#11 X:\home\localhost\www\sim-life\framework\web\filters\CInlineFilter.php(58): CController->filterAccessControl(Object(CFilterChain))
#12 X:\home\localhost\www\sim-life\framework\web\filters\CFilterChain.php(130): CInlineFilter->filter(Object(CFilterChain))
#13 X:\home\localhost\www\sim-life\framework\web\CController.php(291): CFilterChain->run()
#14 X:\home\localhost\www\sim-life\framework\web\CController.php(265): CController->runActionWithFilters(Object(CInlineAction), Array)
#15 X:\home\localhost\www\sim-life\framework\web\CWebApplication.php(282): CController->run('login')
#16 X:\home\localhost\www\sim-life\framework\web\CWebApplication.php(141): CWebApplication->runController('site/login')
#17 X:\home\localhost\www\sim-life\framework\base\CApplication.php(169): CWebApplication->processRequest()
#18 X:\home\localhost\www\sim-life\index.php(9): CApplication->run()
#19 {main}
REQUEST_URI=/sim-life/index.php/site/login
HTTP_REFERER=http://localhost/sim-life/index.php/site/login
---
2013/04/19 11:28:58 [error] [exception.CDbException] SQLSTATE[HY000] [1045] Access denied for user 'aksyanov'@'localhost' (using password: YES)
2013/04/19 11:28:58 [error] [exception.CDbException] exception 'CDbException' with message 'CDbConnection failed to open the DB connection.' in X:\home\localhost\www\sim-life\framework\db\CDbConnection.php:387
Stack trace:
#0 X:\home\localhost\www\sim-life\framework\db\CDbConnection.php(330): CDbConnection->open()
#1 X:\home\localhost\www\sim-life\framework\db\CDbConnection.php(308): CDbConnection->setActive(true)
#2 X:\home\localhost\www\sim-life\framework\base\CModule.php(387): CDbConnection->init()
#3 X:\home\localhost\www\sim-life\framework\base\CModule.php(103): CModule->getComponent('db')
#4 X:\home\localhost\www\sim-life\protected\components\UserIdentity.php(19): CModule->__get('db')
#5 X:\home\localhost\www\sim-life\protected\controllers\SiteController.php(52): UserIdentity->authenticate()
#6 X:\home\localhost\www\sim-life\framework\web\actions\CInlineAction.php(49): SiteController->actionLogin()
#7 X:\home\localhost\www\sim-life\framework\web\CController.php(308): CInlineAction->runWithParams(Array)
#8 X:\home\localhost\www\sim-life\framework\web\filters\CFilterChain.php(133): CController->runAction(Object(CInlineAction))
#9 X:\home\localhost\www\sim-life\framework\web\filters\CFilter.php(40): CFilterChain->run()
#10 X:\home\localhost\www\sim-life\framework\web\CController.php(1145): CFilter->filter(Object(CFilterChain))
#11 X:\home\localhost\www\sim-life\framework\web\filters\CInlineFilter.php(58): CController->filterAccessControl(Object(CFilterChain))
#12 X:\home\localhost\www\sim-life\framework\web\filters\CFilterChain.php(130): CInlineFilter->filter(Object(CFilterChain))
#13 X:\home\localhost\www\sim-life\framework\web\CController.php(291): CFilterChain->run()
#14 X:\home\localhost\www\sim-life\framework\web\CController.php(265): CController->runActionWithFilters(Object(CInlineAction), Array)
#15 X:\home\localhost\www\sim-life\framework\web\CWebApplication.php(282): CController->run('login')
#16 X:\home\localhost\www\sim-life\framework\web\CWebApplication.php(141): CWebApplication->runController('site/login')
#17 X:\home\localhost\www\sim-life\framework\base\CApplication.php(169): CWebApplication->processRequest()
#18 X:\home\localhost\www\sim-life\index.php(9): CApplication->run()
#19 {main}
REQUEST_URI=/sim-life/index.php/site/login
HTTP_REFERER=http://localhost/sim-life/index.php/site/login
---
2013/04/19 11:29:05 [error] [exception.CDbException] SQLSTATE[HY000] [1045] Access denied for user 'aksyanov'@'localhost' (using password: YES)
2013/04/19 11:29:05 [error] [exception.CDbException] exception 'CDbException' with message 'CDbConnection failed to open the DB connection.' in X:\home\localhost\www\sim-life\framework\db\CDbConnection.php:387
Stack trace:
#0 X:\home\localhost\www\sim-life\framework\db\CDbConnection.php(330): CDbConnection->open()
#1 X:\home\localhost\www\sim-life\framework\db\CDbConnection.php(308): CDbConnection->setActive(true)
#2 X:\home\localhost\www\sim-life\framework\base\CModule.php(387): CDbConnection->init()
#3 X:\home\localhost\www\sim-life\framework\base\CModule.php(103): CModule->getComponent('db')
#4 X:\home\localhost\www\sim-life\protected\components\UserIdentity.php(19): CModule->__get('db')
#5 X:\home\localhost\www\sim-life\protected\controllers\SiteController.php(52): UserIdentity->authenticate()
#6 X:\home\localhost\www\sim-life\framework\web\actions\CInlineAction.php(49): SiteController->actionLogin()
#7 X:\home\localhost\www\sim-life\framework\web\CController.php(308): CInlineAction->runWithParams(Array)
#8 X:\home\localhost\www\sim-life\framework\web\filters\CFilterChain.php(133): CController->runAction(Object(CInlineAction))
#9 X:\home\localhost\www\sim-life\framework\web\filters\CFilter.php(40): CFilterChain->run()
#10 X:\home\localhost\www\sim-life\framework\web\CController.php(1145): CFilter->filter(Object(CFilterChain))
#11 X:\home\localhost\www\sim-life\framework\web\filters\CInlineFilter.php(58): CController->filterAccessControl(Object(CFilterChain))
#12 X:\home\localhost\www\sim-life\framework\web\filters\CFilterChain.php(130): CInlineFilter->filter(Object(CFilterChain))
#13 X:\home\localhost\www\sim-life\framework\web\CController.php(291): CFilterChain->run()
#14 X:\home\localhost\www\sim-life\framework\web\CController.php(265): CController->runActionWithFilters(Object(CInlineAction), Array)
#15 X:\home\localhost\www\sim-life\framework\web\CWebApplication.php(282): CController->run('login')
#16 X:\home\localhost\www\sim-life\framework\web\CWebApplication.php(141): CWebApplication->runController('site/login')
#17 X:\home\localhost\www\sim-life\framework\base\CApplication.php(169): CWebApplication->processRequest()
#18 X:\home\localhost\www\sim-life\index.php(9): CApplication->run()
#19 {main}
REQUEST_URI=/sim-life/index.php/site/login
HTTP_REFERER=http://localhost/sim-life/index.php/site/login
---
2013/04/19 11:30:12 [error] [system.db.CDbCommand] CDbCommand::fetchAll() failed: SQLSTATE[42S02]: Base table or view not found: 1146 Table 'aksyanov_sim-life.tbl_users' doesn't exist. The SQL statement executed was: SELECT * FROM  `tbl_users` WHERE `login`="test" AND `password` = "test".
2013/04/19 11:30:12 [error] [exception.CDbException] exception 'CDbException' with message 'CDbCommand failed to execute the SQL statement: SQLSTATE[42S02]: Base table or view not found: 1146 Table 'aksyanov_sim-life.tbl_users' doesn't exist' in X:\home\localhost\www\sim-life\framework\db\CDbCommand.php:541
Stack trace:
#0 X:\home\localhost\www\sim-life\framework\db\CDbCommand.php(395): CDbCommand->queryInternal('fetchAll', Array, Array)
#1 X:\home\localhost\www\sim-life\protected\components\UserIdentity.php(19): CDbCommand->queryAll()
#2 X:\home\localhost\www\sim-life\protected\controllers\SiteController.php(52): UserIdentity->authenticate()
#3 X:\home\localhost\www\sim-life\framework\web\actions\CInlineAction.php(49): SiteController->actionLogin()
#4 X:\home\localhost\www\sim-life\framework\web\CController.php(308): CInlineAction->runWithParams(Array)
#5 X:\home\localhost\www\sim-life\framework\web\filters\CFilterChain.php(133): CController->runAction(Object(CInlineAction))
#6 X:\home\localhost\www\sim-life\framework\web\filters\CFilter.php(40): CFilterChain->run()
#7 X:\home\localhost\www\sim-life\framework\web\CController.php(1145): CFilter->filter(Object(CFilterChain))
#8 X:\home\localhost\www\sim-life\framework\web\filters\CInlineFilter.php(58): CController->filterAccessControl(Object(CFilterChain))
#9 X:\home\localhost\www\sim-life\framework\web\filters\CFilterChain.php(130): CInlineFilter->filter(Object(CFilterChain))
#10 X:\home\localhost\www\sim-life\framework\web\CController.php(291): CFilterChain->run()
#11 X:\home\localhost\www\sim-life\framework\web\CController.php(265): CController->runActionWithFilters(Object(CInlineAction), Array)
#12 X:\home\localhost\www\sim-life\framework\web\CWebApplication.php(282): CController->run('login')
#13 X:\home\localhost\www\sim-life\framework\web\CWebApplication.php(141): CWebApplication->runController('site/login')
#14 X:\home\localhost\www\sim-life\framework\base\CApplication.php(169): CWebApplication->processRequest()
#15 X:\home\localhost\www\sim-life\index.php(9): CApplication->run()
#16 {main}
REQUEST_URI=/sim-life/index.php/site/login
HTTP_REFERER=http://localhost/sim-life/index.php/site/login
---
